[31-Jul-2013 14:56:59 America/Los_Angeles] PHP Parse error:  syntax error, unexpected ';', expecting ')' in /nfs/c03/h04/mnt/51258/domains/leadership.thecompleteexperience.ca/html/index.php on line 4
[31-Jul-2013 14:57:07 America/Los_Angeles] PHP Parse error:  syntax error, unexpected ';', expecting ')' in /nfs/c03/h04/mnt/51258/domains/leadership.thecompleteexperience.ca/html/index.php on line 4
[31-Jul-2013 14:57:15 America/Los_Angeles] PHP Parse error:  syntax error, unexpected '<' in /nfs/c03/h04/mnt/51258/domains/leadership.thecompleteexperience.ca/html/index.php on line 3
[31-Jul-2013 14:57:16 America/Los_Angeles] PHP Parse error:  syntax error, unexpected '<' in /nfs/c03/h04/mnt/51258/domains/leadership.thecompleteexperience.ca/html/index.php on line 3
[31-Jul-2013 14:57:16 America/Los_Angeles] PHP Parse error:  syntax error, unexpected '<' in /nfs/c03/h04/mnt/51258/domains/leadership.thecompleteexperience.ca/html/index.php on line 3
[31-Jul-2013 14:57:17 America/Los_Angeles] PHP Parse error:  syntax error, unexpected '<' in /nfs/c03/h04/mnt/51258/domains/leadership.thecompleteexperience.ca/html/index.php on line 3
[31-Jul-2013 14:57:40 America/Los_Angeles] PHP Notice:  Undefined variable: message in /nfs/c03/h04/mnt/51258/domains/leadership.thecompleteexperience.ca/html/sendEmail.php on line 7
[31-Jul-2013 14:57:40 America/Los_Angeles] PHP Notice:  Undefined variable: usermessage in /nfs/c03/h04/mnt/51258/domains/leadership.thecompleteexperience.ca/html/sendEmail.php on line 29
[07-Aug-2013 15:49:24 America/Los_Angeles] PHP Notice:  Undefined variable: message in /nfs/c03/h04/mnt/51258/domains/leadership.thecompleteexperience.ca/html/sendEmail.php on line 7
[07-Aug-2013 15:49:25 America/Los_Angeles] PHP Notice:  Undefined variable: usermessage in /nfs/c03/h04/mnt/51258/domains/leadership.thecompleteexperience.ca/html/sendEmail.php on line 29
[07-Aug-2013 15:50:05 America/Los_Angeles] PHP Notice:  Undefined variable: message in /nfs/c03/h04/mnt/51258/domains/leadership.thecompleteexperience.ca/html/sendEmail.php on line 7
[07-Aug-2013 15:50:05 America/Los_Angeles] PHP Notice:  Undefined variable: usermessage in /nfs/c03/h04/mnt/51258/domains/leadership.thecompleteexperience.ca/html/sendEmail.php on line 29
[07-Aug-2013 16:11:23 America/Los_Angeles] PHP Notice:  Undefined variable: message in /nfs/c03/h04/mnt/51258/domains/leadership.thecompleteexperience.ca/html/sendEmail.php on line 7
[07-Aug-2013 16:11:23 America/Los_Angeles] PHP Notice:  Undefined variable: usermessage in /nfs/c03/h04/mnt/51258/domains/leadership.thecompleteexperience.ca/html/sendEmail.php on line 29
[07-Aug-2013 17:13:56 America/Los_Angeles] PHP Notice:  Undefined variable: message in /nfs/c03/h04/mnt/51258/domains/leadership.thecompleteexperience.ca/html/sendEmail.php on line 7
[07-Aug-2013 17:13:56 America/Los_Angeles] PHP Notice:  Undefined variable: usermessage in /nfs/c03/h04/mnt/51258/domains/leadership.thecompleteexperience.ca/html/sendEmail.php on line 29
[07-Aug-2013 17:50:56 America/Los_Angeles] PHP Notice:  Undefined variable: message in /nfs/c03/h04/mnt/51258/domains/leadership.thecompleteexperience.ca/html/sendEmail.php on line 7
[07-Aug-2013 17:50:56 America/Los_Angeles] PHP Notice:  Undefined variable: usermessage in /nfs/c03/h04/mnt/51258/domains/leadership.thecompleteexperience.ca/html/sendEmail.php on line 29
[07-Aug-2013 17:59:08 America/Los_Angeles] PHP Notice:  Undefined variable: message in /nfs/c03/h04/mnt/51258/domains/leadership.thecompleteexperience.ca/html/sendEmail.php on line 7
[07-Aug-2013 17:59:08 America/Los_Angeles] PHP Notice:  Undefined variable: usermessage in /nfs/c03/h04/mnt/51258/domains/leadership.thecompleteexperience.ca/html/sendEmail.php on line 29
[07-Aug-2013 17:59:09 America/Los_Angeles] PHP Notice:  Undefined variable: message in /nfs/c03/h04/mnt/51258/domains/leadership.thecompleteexperience.ca/html/sendEmail.php on line 7
[07-Aug-2013 17:59:09 America/Los_Angeles] PHP Notice:  Undefined variable: usermessage in /nfs/c03/h04/mnt/51258/domains/leadership.thecompleteexperience.ca/html/sendEmail.php on line 29
[07-Aug-2013 18:24:15 America/Los_Angeles] PHP Notice:  Undefined variable: message in /nfs/c03/h04/mnt/51258/domains/leadership.thecompleteexperience.ca/html/sendEmail.php on line 7
[07-Aug-2013 18:24:15 America/Los_Angeles] PHP Notice:  Undefined variable: usermessage in /nfs/c03/h04/mnt/51258/domains/leadership.thecompleteexperience.ca/html/sendEmail.php on line 29
[08-Aug-2013 06:05:30 America/Los_Angeles] PHP Notice:  Undefined variable: message in /nfs/c03/h04/mnt/51258/domains/leadership.thecompleteexperience.ca/html/sendEmail.php on line 7
[08-Aug-2013 06:05:30 America/Los_Angeles] PHP Notice:  Undefined variable: usermessage in /nfs/c03/h04/mnt/51258/domains/leadership.thecompleteexperience.ca/html/sendEmail.php on line 29
[08-Aug-2013 06:35:13 America/Los_Angeles] PHP Notice:  Undefined variable: message in /nfs/c03/h04/mnt/51258/domains/leadership.thecompleteexperience.ca/html/sendEmail.php on line 7
[08-Aug-2013 06:35:13 America/Los_Angeles] PHP Notice:  Undefined variable: usermessage in /nfs/c03/h04/mnt/51258/domains/leadership.thecompleteexperience.ca/html/sendEmail.php on line 29
[08-Aug-2013 06:56:09 America/Los_Angeles] PHP Notice:  Undefined variable: message in /nfs/c03/h04/mnt/51258/domains/leadership.thecompleteexperience.ca/html/sendEmail.php on line 7
[08-Aug-2013 06:56:09 America/Los_Angeles] PHP Notice:  Undefined variable: usermessage in /nfs/c03/h04/mnt/51258/domains/leadership.thecompleteexperience.ca/html/sendEmail.php on line 29
[08-Aug-2013 06:59:25 America/Los_Angeles] PHP Notice:  Undefined variable: message in /nfs/c03/h04/mnt/51258/domains/leadership.thecompleteexperience.ca/html/sendEmail.php on line 7
[08-Aug-2013 06:59:25 America/Los_Angeles] PHP Notice:  Undefined index: flight in /nfs/c03/h04/mnt/51258/domains/leadership.thecompleteexperience.ca/html/sendEmail.php on line 15
[08-Aug-2013 06:59:25 America/Los_Angeles] PHP Notice:  Undefined variable: usermessage in /nfs/c03/h04/mnt/51258/domains/leadership.thecompleteexperience.ca/html/sendEmail.php on line 29
[08-Aug-2013 06:59:25 America/Los_Angeles] PHP Notice:  Undefined index: flight in /nfs/c03/h04/mnt/51258/domains/leadership.thecompleteexperience.ca/html/sendEmail.php on line 38
[08-Aug-2013 06:59:25 America/Los_Angeles] PHP Notice:  Undefined index: flight in /nfs/c03/h04/mnt/51258/domains/leadership.thecompleteexperience.ca/html/sendEmail.php on line 65
[08-Aug-2013 07:57:08 America/Los_Angeles] PHP Notice:  Undefined variable: message in /nfs/c03/h04/mnt/51258/domains/leadership.thecompleteexperience.ca/html/sendEmail.php on line 7
[08-Aug-2013 07:57:08 America/Los_Angeles] PHP Notice:  Undefined variable: usermessage in /nfs/c03/h04/mnt/51258/domains/leadership.thecompleteexperience.ca/html/sendEmail.php on line 29
[08-Aug-2013 07:59:10 America/Los_Angeles] PHP Notice:  Undefined variable: message in /nfs/c03/h04/mnt/51258/domains/leadership.thecompleteexperience.ca/html/sendEmail.php on line 7
[08-Aug-2013 07:59:10 America/Los_Angeles] PHP Notice:  Undefined variable: usermessage in /nfs/c03/h04/mnt/51258/domains/leadership.thecompleteexperience.ca/html/sendEmail.php on line 29
[08-Aug-2013 08:25:16 America/Los_Angeles] PHP Notice:  Undefined variable: message in /nfs/c03/h04/mnt/51258/domains/leadership.thecompleteexperience.ca/html/sendEmail.php on line 7
[08-Aug-2013 08:25:16 America/Los_Angeles] PHP Notice:  Undefined variable: usermessage in /nfs/c03/h04/mnt/51258/domains/leadership.thecompleteexperience.ca/html/sendEmail.php on line 29
[08-Aug-2013 08:48:10 America/Los_Angeles] PHP Notice:  Undefined variable: message in /nfs/c03/h04/mnt/51258/domains/leadership.thecompleteexperience.ca/html/sendEmail.php on line 7
[08-Aug-2013 08:48:10 America/Los_Angeles] PHP Notice:  Undefined variable: usermessage in /nfs/c03/h04/mnt/51258/domains/leadership.thecompleteexperience.ca/html/sendEmail.php on line 29
[08-Aug-2013 08:52:58 America/Los_Angeles] PHP Notice:  Undefined variable: message in /nfs/c03/h04/mnt/51258/domains/leadership.thecompleteexperience.ca/html/sendEmail.php on line 7
[08-Aug-2013 08:52:58 America/Los_Angeles] PHP Notice:  Undefined variable: usermessage in /nfs/c03/h04/mnt/51258/domains/leadership.thecompleteexperience.ca/html/sendEmail.php on line 29
[08-Aug-2013 08:55:02 America/Los_Angeles] PHP Notice:  Undefined variable: message in /nfs/c03/h04/mnt/51258/domains/leadership.thecompleteexperience.ca/html/sendEmail.php on line 7
[08-Aug-2013 08:55:02 America/Los_Angeles] PHP Notice:  Undefined variable: usermessage in /nfs/c03/h04/mnt/51258/domains/leadership.thecompleteexperience.ca/html/sendEmail.php on line 29
[08-Aug-2013 09:24:56 America/Los_Angeles] PHP Notice:  Undefined variable: message in /nfs/c03/h04/mnt/51258/domains/leadership.thecompleteexperience.ca/html/sendEmail.php on line 7
[08-Aug-2013 09:24:56 America/Los_Angeles] PHP Notice:  Undefined variable: usermessage in /nfs/c03/h04/mnt/51258/domains/leadership.thecompleteexperience.ca/html/sendEmail.php on line 29
[08-Aug-2013 11:51:54 America/Los_Angeles] PHP Notice:  Undefined variable: message in /nfs/c03/h04/mnt/51258/domains/leadership.thecompleteexperience.ca/html/sendEmail.php on line 7
[08-Aug-2013 11:51:54 America/Los_Angeles] PHP Notice:  Undefined variable: usermessage in /nfs/c03/h04/mnt/51258/domains/leadership.thecompleteexperience.ca/html/sendEmail.php on line 29
[08-Aug-2013 12:07:26 America/Los_Angeles] PHP Notice:  Undefined variable: message in /nfs/c03/h04/mnt/51258/domains/leadership.thecompleteexperience.ca/html/sendEmail.php on line 7
[08-Aug-2013 12:07:26 America/Los_Angeles] PHP Notice:  Undefined variable: usermessage in /nfs/c03/h04/mnt/51258/domains/leadership.thecompleteexperience.ca/html/sendEmail.php on line 29
[08-Aug-2013 12:39:47 America/Los_Angeles] PHP Notice:  Undefined variable: message in /nfs/c03/h04/mnt/51258/domains/leadership.thecompleteexperience.ca/html/sendEmail.php on line 7
[08-Aug-2013 12:39:47 America/Los_Angeles] PHP Notice:  Undefined variable: usermessage in /nfs/c03/h04/mnt/51258/domains/leadership.thecompleteexperience.ca/html/sendEmail.php on line 29
[09-Aug-2013 05:24:02 America/Los_Angeles] PHP Notice:  Undefined variable: message in /nfs/c03/h04/mnt/51258/domains/leadership.thecompleteexperience.ca/html/sendEmail.php on line 7
[09-Aug-2013 05:24:02 America/Los_Angeles] PHP Notice:  Undefined variable: usermessage in /nfs/c03/h04/mnt/51258/domains/leadership.thecompleteexperience.ca/html/sendEmail.php on line 29
[09-Aug-2013 05:38:07 America/Los_Angeles] PHP Notice:  Undefined variable: message in /nfs/c03/h04/mnt/51258/domains/leadership.thecompleteexperience.ca/html/sendEmail.php on line 7
[09-Aug-2013 05:38:07 America/Los_Angeles] PHP Notice:  Undefined variable: usermessage in /nfs/c03/h04/mnt/51258/domains/leadership.thecompleteexperience.ca/html/sendEmail.php on line 29
[09-Aug-2013 06:32:53 America/Los_Angeles] PHP Notice:  Undefined variable: message in /nfs/c03/h04/mnt/51258/domains/leadership.thecompleteexperience.ca/html/sendEmail.php on line 7
[09-Aug-2013 06:32:53 America/Los_Angeles] PHP Notice:  Undefined variable: usermessage in /nfs/c03/h04/mnt/51258/domains/leadership.thecompleteexperience.ca/html/sendEmail.php on line 29
[09-Aug-2013 07:50:33 America/Los_Angeles] PHP Notice:  Undefined variable: message in /nfs/c03/h04/mnt/51258/domains/leadership.thecompleteexperience.ca/html/sendEmail.php on line 7
[09-Aug-2013 07:50:33 America/Los_Angeles] PHP Notice:  Undefined variable: usermessage in /nfs/c03/h04/mnt/51258/domains/leadership.thecompleteexperience.ca/html/sendEmail.php on line 29
[09-Aug-2013 08:15:16 America/Los_Angeles] PHP Notice:  Undefined variable: message in /nfs/c03/h04/mnt/51258/domains/leadership.thecompleteexperience.ca/html/sendEmail.php on line 7
[09-Aug-2013 08:15:16 America/Los_Angeles] PHP Notice:  Undefined variable: usermessage in /nfs/c03/h04/mnt/51258/domains/leadership.thecompleteexperience.ca/html/sendEmail.php on line 29
[09-Aug-2013 09:17:02 America/Los_Angeles] PHP Notice:  Undefined variable: message in /nfs/c03/h04/mnt/51258/domains/leadership.thecompleteexperience.ca/html/sendEmail.php on line 7
[09-Aug-2013 09:17:02 America/Los_Angeles] PHP Notice:  Undefined variable: usermessage in /nfs/c03/h04/mnt/51258/domains/leadership.thecompleteexperience.ca/html/sendEmail.php on line 29
[09-Aug-2013 09:37:32 America/Los_Angeles] PHP Notice:  Undefined variable: message in /nfs/c03/h04/mnt/51258/domains/leadership.thecompleteexperience.ca/html/sendEmail.php on line 7
[09-Aug-2013 09:37:32 America/Los_Angeles] PHP Notice:  Undefined variable: usermessage in /nfs/c03/h04/mnt/51258/domains/leadership.thecompleteexperience.ca/html/sendEmail.php on line 29
[09-Aug-2013 10:17:33 America/Los_Angeles] PHP Notice:  Undefined variable: message in /nfs/c03/h04/mnt/51258/domains/leadership.thecompleteexperience.ca/html/sendEmail.php on line 7
[09-Aug-2013 10:17:33 America/Los_Angeles] PHP Notice:  Undefined variable: usermessage in /nfs/c03/h04/mnt/51258/domains/leadership.thecompleteexperience.ca/html/sendEmail.php on line 29
[09-Aug-2013 10:17:38 America/Los_Angeles] PHP Notice:  Undefined variable: message in /nfs/c03/h04/mnt/51258/domains/leadership.thecompleteexperience.ca/html/sendEmail.php on line 7
[09-Aug-2013 10:17:38 America/Los_Angeles] PHP Notice:  Undefined variable: usermessage in /nfs/c03/h04/mnt/51258/domains/leadership.thecompleteexperience.ca/html/sendEmail.php on line 29
[09-Aug-2013 11:22:31 America/Los_Angeles] PHP Notice:  Undefined variable: message in /nfs/c03/h04/mnt/51258/domains/leadership.thecompleteexperience.ca/html/sendEmail.php on line 7
[09-Aug-2013 11:22:31 America/Los_Angeles] PHP Notice:  Undefined variable: usermessage in /nfs/c03/h04/mnt/51258/domains/leadership.thecompleteexperience.ca/html/sendEmail.php on line 29
[09-Aug-2013 11:24:31 America/Los_Angeles] PHP Notice:  Undefined variable: message in /nfs/c03/h04/mnt/51258/domains/leadership.thecompleteexperience.ca/html/sendEmail.php on line 7
[09-Aug-2013 11:24:31 America/Los_Angeles] PHP Notice:  Undefined variable: usermessage in /nfs/c03/h04/mnt/51258/domains/leadership.thecompleteexperience.ca/html/sendEmail.php on line 29
[09-Aug-2013 14:17:26 America/Los_Angeles] PHP Notice:  Undefined variable: message in /nfs/c03/h04/mnt/51258/domains/leadership.thecompleteexperience.ca/html/sendEmail.php on line 7
[09-Aug-2013 14:17:26 America/Los_Angeles] PHP Notice:  Undefined variable: usermessage in /nfs/c03/h04/mnt/51258/domains/leadership.thecompleteexperience.ca/html/sendEmail.php on line 29
[09-Aug-2013 19:53:08 America/Los_Angeles] PHP Notice:  Undefined variable: message in /nfs/c03/h04/mnt/51258/domains/leadership.thecompleteexperience.ca/html/sendEmail.php on line 7
[09-Aug-2013 19:53:08 America/Los_Angeles] PHP Notice:  Undefined variable: usermessage in /nfs/c03/h04/mnt/51258/domains/leadership.thecompleteexperience.ca/html/sendEmail.php on line 29
[10-Aug-2013 12:05:03 America/Los_Angeles] PHP Notice:  Undefined variable: message in /nfs/c03/h04/mnt/51258/domains/leadership.thecompleteexperience.ca/html/sendEmail.php on line 7
[10-Aug-2013 12:05:03 America/Los_Angeles] PHP Notice:  Undefined variable: usermessage in /nfs/c03/h04/mnt/51258/domains/leadership.thecompleteexperience.ca/html/sendEmail.php on line 29
[11-Aug-2013 08:23:11 America/Los_Angeles] PHP Notice:  Undefined variable: message in /nfs/c03/h04/mnt/51258/domains/leadership.thecompleteexperience.ca/html/sendEmail.php on line 7
[11-Aug-2013 08:23:11 America/Los_Angeles] PHP Notice:  Undefined variable: usermessage in /nfs/c03/h04/mnt/51258/domains/leadership.thecompleteexperience.ca/html/sendEmail.php on line 29
[12-Aug-2013 10:32:56 America/Los_Angeles] PHP Notice:  Undefined variable: message in /nfs/c03/h04/mnt/51258/domains/leadership.thecompleteexperience.ca/html/sendEmail.php on line 7
[12-Aug-2013 10:32:56 America/Los_Angeles] PHP Notice:  Undefined variable: usermessage in /nfs/c03/h04/mnt/51258/domains/leadership.thecompleteexperience.ca/html/sendEmail.php on line 29
[12-Aug-2013 11:01:35 America/Los_Angeles] PHP Notice:  Undefined variable: message in /nfs/c03/h04/mnt/51258/domains/leadership.thecompleteexperience.ca/html/sendEmail.php on line 7
[12-Aug-2013 11:01:35 America/Los_Angeles] PHP Notice:  Undefined variable: usermessage in /nfs/c03/h04/mnt/51258/domains/leadership.thecompleteexperience.ca/html/sendEmail.php on line 29
[12-Aug-2013 11:12:28 America/Los_Angeles] PHP Notice:  Undefined variable: message in /nfs/c03/h04/mnt/51258/domains/leadership.thecompleteexperience.ca/html/sendEmail.php on line 7
[12-Aug-2013 11:12:28 America/Los_Angeles] PHP Notice:  Undefined variable: usermessage in /nfs/c03/h04/mnt/51258/domains/leadership.thecompleteexperience.ca/html/sendEmail.php on line 29
[15-Aug-2013 08:17:06 America/Los_Angeles] PHP Notice:  Undefined variable: message in /nfs/c03/h04/mnt/51258/domains/leadership.thecompleteexperience.ca/html/sendEmail.php on line 7
[15-Aug-2013 08:17:06 America/Los_Angeles] PHP Notice:  Undefined variable: usermessage in /nfs/c03/h04/mnt/51258/domains/leadership.thecompleteexperience.ca/html/sendEmail.php on line 29
[15-Aug-2013 08:48:27 America/Los_Angeles] PHP Notice:  Undefined variable: message in /nfs/c03/h04/mnt/51258/domains/leadership.thecompleteexperience.ca/html/sendEmail.php on line 7
[15-Aug-2013 08:48:27 America/Los_Angeles] PHP Notice:  Undefined variable: usermessage in /nfs/c03/h04/mnt/51258/domains/leadership.thecompleteexperience.ca/html/sendEmail.php on line 29
[15-Aug-2013 10:38:05 America/Los_Angeles] PHP Notice:  Undefined variable: message in /nfs/c03/h04/mnt/51258/domains/leadership.thecompleteexperience.ca/html/sendEmail.php on line 7
[15-Aug-2013 10:38:05 America/Los_Angeles] PHP Notice:  Undefined index: bus in /nfs/c03/h04/mnt/51258/domains/leadership.thecompleteexperience.ca/html/sendEmail.php on line 16
[15-Aug-2013 10:38:05 America/Los_Angeles] PHP Notice:  Undefined variable: usermessage in /nfs/c03/h04/mnt/51258/domains/leadership.thecompleteexperience.ca/html/sendEmail.php on line 29
[15-Aug-2013 10:38:05 America/Los_Angeles] PHP Notice:  Undefined index: bus in /nfs/c03/h04/mnt/51258/domains/leadership.thecompleteexperience.ca/html/sendEmail.php on line 39
[15-Aug-2013 10:38:05 America/Los_Angeles] PHP Notice:  Undefined index: bus in /nfs/c03/h04/mnt/51258/domains/leadership.thecompleteexperience.ca/html/sendEmail.php on line 66
[15-Aug-2013 14:48:01 America/Los_Angeles] PHP Notice:  Undefined variable: message in /nfs/c03/h04/mnt/51258/domains/leadership.thecompleteexperience.ca/html/sendEmail.php on line 7
[15-Aug-2013 14:48:01 America/Los_Angeles] PHP Notice:  Undefined variable: usermessage in /nfs/c03/h04/mnt/51258/domains/leadership.thecompleteexperience.ca/html/sendEmail.php on line 29
[16-Aug-2013 14:21:54 America/Los_Angeles] PHP Notice:  Undefined variable: message in /nfs/c03/h04/mnt/51258/domains/leadership.thecompleteexperience.ca/html/sendEmail.php on line 7
[16-Aug-2013 14:21:54 America/Los_Angeles] PHP Notice:  Undefined variable: usermessage in /nfs/c03/h04/mnt/51258/domains/leadership.thecompleteexperience.ca/html/sendEmail.php on line 29
[17-Aug-2013 15:20:44 America/Los_Angeles] PHP Notice:  Undefined variable: message in /nfs/c03/h04/mnt/51258/domains/leadership.thecompleteexperience.ca/html/sendEmail.php on line 7
[17-Aug-2013 15:20:44 America/Los_Angeles] PHP Notice:  Undefined variable: usermessage in /nfs/c03/h04/mnt/51258/domains/leadership.thecompleteexperience.ca/html/sendEmail.php on line 29
[19-Aug-2013 08:39:56 America/Los_Angeles] PHP Notice:  Undefined variable: message in /nfs/c03/h04/mnt/51258/domains/leadership.thecompleteexperience.ca/html/sendEmail.php on line 7
[19-Aug-2013 08:39:56 America/Los_Angeles] PHP Notice:  Undefined variable: usermessage in /nfs/c03/h04/mnt/51258/domains/leadership.thecompleteexperience.ca/html/sendEmail.php on line 29
[19-Aug-2013 08:51:57 America/Los_Angeles] PHP Notice:  Undefined variable: message in /nfs/c03/h04/mnt/51258/domains/leadership.thecompleteexperience.ca/html/sendEmail.php on line 7
[19-Aug-2013 08:51:57 America/Los_Angeles] PHP Notice:  Undefined index: bus in /nfs/c03/h04/mnt/51258/domains/leadership.thecompleteexperience.ca/html/sendEmail.php on line 16
[19-Aug-2013 08:51:57 America/Los_Angeles] PHP Notice:  Undefined variable: usermessage in /nfs/c03/h04/mnt/51258/domains/leadership.thecompleteexperience.ca/html/sendEmail.php on line 29
[19-Aug-2013 08:51:57 America/Los_Angeles] PHP Notice:  Undefined index: bus in /nfs/c03/h04/mnt/51258/domains/leadership.thecompleteexperience.ca/html/sendEmail.php on line 39
[19-Aug-2013 08:51:57 America/Los_Angeles] PHP Notice:  Undefined index: bus in /nfs/c03/h04/mnt/51258/domains/leadership.thecompleteexperience.ca/html/sendEmail.php on line 66
[19-Aug-2013 09:25:48 America/Los_Angeles] PHP Notice:  Undefined variable: message in /nfs/c03/h04/mnt/51258/domains/leadership.thecompleteexperience.ca/html/sendEmail.php on line 7
[19-Aug-2013 09:25:48 America/Los_Angeles] PHP Notice:  Undefined variable: usermessage in /nfs/c03/h04/mnt/51258/domains/leadership.thecompleteexperience.ca/html/sendEmail.php on line 29
[19-Aug-2013 09:36:03 America/Los_Angeles] PHP Notice:  Undefined variable: message in /nfs/c03/h04/mnt/51258/domains/leadership.thecompleteexperience.ca/html/sendEmail.php on line 7
[19-Aug-2013 09:36:03 America/Los_Angeles] PHP Notice:  Undefined variable: usermessage in /nfs/c03/h04/mnt/51258/domains/leadership.thecompleteexperience.ca/html/sendEmail.php on line 29
[19-Aug-2013 13:24:20 America/Los_Angeles] PHP Notice:  Undefined variable: message in /nfs/c03/h04/mnt/51258/domains/leadership.thecompleteexperience.ca/html/sendEmail.php on line 7
[19-Aug-2013 13:24:20 America/Los_Angeles] PHP Notice:  Undefined variable: usermessage in /nfs/c03/h04/mnt/51258/domains/leadership.thecompleteexperience.ca/html/sendEmail.php on line 29
[19-Aug-2013 13:35:04 America/Los_Angeles] PHP Notice:  Undefined variable: message in /nfs/c03/h04/mnt/51258/domains/leadership.thecompleteexperience.ca/html/sendEmail.php on line 7
[19-Aug-2013 13:35:04 America/Los_Angeles] PHP Notice:  Undefined variable: usermessage in /nfs/c03/h04/mnt/51258/domains/leadership.thecompleteexperience.ca/html/sendEmail.php on line 29
[20-Aug-2013 06:40:58 America/Los_Angeles] PHP Notice:  Undefined variable: message in /nfs/c03/h04/mnt/51258/domains/leadership.thecompleteexperience.ca/html/sendEmail.php on line 7
[20-Aug-2013 06:40:58 America/Los_Angeles] PHP Notice:  Undefined variable: usermessage in /nfs/c03/h04/mnt/51258/domains/leadership.thecompleteexperience.ca/html/sendEmail.php on line 29
[20-Aug-2013 07:25:08 America/Los_Angeles] PHP Notice:  Undefined variable: message in /nfs/c03/h04/mnt/51258/domains/leadership.thecompleteexperience.ca/html/sendEmail.php on line 7
[20-Aug-2013 07:25:08 America/Los_Angeles] PHP Notice:  Undefined variable: usermessage in /nfs/c03/h04/mnt/51258/domains/leadership.thecompleteexperience.ca/html/sendEmail.php on line 29
[20-Aug-2013 10:32:28 America/Los_Angeles] PHP Notice:  Undefined variable: message in /nfs/c03/h04/mnt/51258/domains/leadership.thecompleteexperience.ca/html/sendEmail.php on line 7
[20-Aug-2013 10:32:28 America/Los_Angeles] PHP Notice:  Undefined index: flight in /nfs/c03/h04/mnt/51258/domains/leadership.thecompleteexperience.ca/html/sendEmail.php on line 15
[20-Aug-2013 10:32:28 America/Los_Angeles] PHP Notice:  Undefined index: bus in /nfs/c03/h04/mnt/51258/domains/leadership.thecompleteexperience.ca/html/sendEmail.php on line 16
[20-Aug-2013 10:32:28 America/Los_Angeles] PHP Notice:  Undefined variable: usermessage in /nfs/c03/h04/mnt/51258/domains/leadership.thecompleteexperience.ca/html/sendEmail.php on line 29
[20-Aug-2013 10:32:28 America/Los_Angeles] PHP Notice:  Undefined index: flight in /nfs/c03/h04/mnt/51258/domains/leadership.thecompleteexperience.ca/html/sendEmail.php on line 38
[20-Aug-2013 10:32:28 America/Los_Angeles] PHP Notice:  Undefined index: bus in /nfs/c03/h04/mnt/51258/domains/leadership.thecompleteexperience.ca/html/sendEmail.php on line 39
[20-Aug-2013 10:32:28 America/Los_Angeles] PHP Notice:  Undefined index: flight in /nfs/c03/h04/mnt/51258/domains/leadership.thecompleteexperience.ca/html/sendEmail.php on line 65
[20-Aug-2013 10:32:28 America/Los_Angeles] PHP Notice:  Undefined index: bus in /nfs/c03/h04/mnt/51258/domains/leadership.thecompleteexperience.ca/html/sendEmail.php on line 66
[20-Aug-2013 10:34:03 America/Los_Angeles] PHP Notice:  Undefined variable: message in /nfs/c03/h04/mnt/51258/domains/leadership.thecompleteexperience.ca/html/sendEmail.php on line 7
[20-Aug-2013 10:34:03 America/Los_Angeles] PHP Notice:  Undefined variable: usermessage in /nfs/c03/h04/mnt/51258/domains/leadership.thecompleteexperience.ca/html/sendEmail.php on line 29
[21-Aug-2013 11:43:51 America/Los_Angeles] PHP Notice:  Undefined variable: message in /nfs/c03/h04/mnt/51258/domains/leadership.thecompleteexperience.ca/html/sendEmail.php on line 7
[21-Aug-2013 11:43:51 America/Los_Angeles] PHP Notice:  Undefined variable: usermessage in /nfs/c03/h04/mnt/51258/domains/leadership.thecompleteexperience.ca/html/sendEmail.php on line 29
[22-Aug-2013 13:23:36 America/Los_Angeles] PHP Notice:  Undefined variable: message in /nfs/c03/h04/mnt/51258/domains/leadership.thecompleteexperience.ca/html/sendEmail.php on line 7
[22-Aug-2013 13:23:36 America/Los_Angeles] PHP Notice:  Undefined variable: usermessage in /nfs/c03/h04/mnt/51258/domains/leadership.thecompleteexperience.ca/html/sendEmail.php on line 29
[22-Aug-2013 13:24:07 America/Los_Angeles] PHP Notice:  Undefined variable: message in /nfs/c03/h04/mnt/51258/domains/leadership.thecompleteexperience.ca/html/sendEmail.php on line 7
[22-Aug-2013 13:24:07 America/Los_Angeles] PHP Notice:  Undefined variable: usermessage in /nfs/c03/h04/mnt/51258/domains/leadership.thecompleteexperience.ca/html/sendEmail.php on line 29
[22-Aug-2013 13:27:50 America/Los_Angeles] PHP Notice:  Undefined variable: message in /nfs/c03/h04/mnt/51258/domains/leadership.thecompleteexperience.ca/html/sendEmail.php on line 7
[22-Aug-2013 13:27:50 America/Los_Angeles] PHP Notice:  Undefined variable: usermessage in /nfs/c03/h04/mnt/51258/domains/leadership.thecompleteexperience.ca/html/sendEmail.php on line 29
[22-Aug-2013 13:35:30 America/Los_Angeles] PHP Notice:  Undefined variable: message in /nfs/c03/h04/mnt/51258/domains/leadership.thecompleteexperience.ca/html/sendEmail.php on line 7
[22-Aug-2013 13:35:30 America/Los_Angeles] PHP Notice:  Undefined variable: usermessage in /nfs/c03/h04/mnt/51258/domains/leadership.thecompleteexperience.ca/html/sendEmail.php on line 29
[22-Aug-2013 13:36:40 America/Los_Angeles] PHP Notice:  Undefined variable: message in /nfs/c03/h04/mnt/51258/domains/leadership.thecompleteexperience.ca/html/sendEmail.php on line 7
[22-Aug-2013 13:36:40 America/Los_Angeles] PHP Notice:  Undefined variable: usermessage in /nfs/c03/h04/mnt/51258/domains/leadership.thecompleteexperience.ca/html/sendEmail.php on line 29
[22-Aug-2013 14:01:03 America/Los_Angeles] PHP Notice:  Undefined variable: message in /nfs/c03/h04/mnt/51258/domains/leadership.thecompleteexperience.ca/html/sendEmail.php on line 7
[22-Aug-2013 14:01:03 America/Los_Angeles] PHP Notice:  Undefined variable: usermessage in /nfs/c03/h04/mnt/51258/domains/leadership.thecompleteexperience.ca/html/sendEmail.php on line 29
[22-Aug-2013 14:28:00 America/Los_Angeles] PHP Notice:  Undefined variable: message in /nfs/c03/h04/mnt/51258/domains/leadership.thecompleteexperience.ca/html/sendEmail.php on line 7
[22-Aug-2013 14:28:00 America/Los_Angeles] PHP Notice:  Undefined variable: usermessage in /nfs/c03/h04/mnt/51258/domains/leadership.thecompleteexperience.ca/html/sendEmail.php on line 29
[22-Aug-2013 15:51:07 America/Los_Angeles] PHP Notice:  Undefined variable: message in /nfs/c03/h04/mnt/51258/domains/leadership.thecompleteexperience.ca/html/sendEmail.php on line 7
[22-Aug-2013 15:51:07 America/Los_Angeles] PHP Notice:  Undefined variable: usermessage in /nfs/c03/h04/mnt/51258/domains/leadership.thecompleteexperience.ca/html/sendEmail.php on line 29
[22-Aug-2013 15:59:51 America/Los_Angeles] PHP Notice:  Undefined variable: message in /nfs/c03/h04/mnt/51258/domains/leadership.thecompleteexperience.ca/html/sendEmail.php on line 7
[22-Aug-2013 15:59:51 America/Los_Angeles] PHP Notice:  Undefined variable: usermessage in /nfs/c03/h04/mnt/51258/domains/leadership.thecompleteexperience.ca/html/sendEmail.php on line 29
[23-Aug-2013 03:29:34 America/Los_Angeles] PHP Notice:  Undefined variable: message in /nfs/c03/h04/mnt/51258/domains/leadership.thecompleteexperience.ca/html/sendEmail.php on line 7
[23-Aug-2013 03:29:34 America/Los_Angeles] PHP Notice:  Undefined variable: usermessage in /nfs/c03/h04/mnt/51258/domains/leadership.thecompleteexperience.ca/html/sendEmail.php on line 29
[23-Aug-2013 13:13:21 America/Los_Angeles] PHP Notice:  Undefined variable: message in /nfs/c03/h04/mnt/51258/domains/leadership.thecompleteexperience.ca/html/sendEmail.php on line 7
[23-Aug-2013 13:13:21 America/Los_Angeles] PHP Notice:  Undefined index: flight in /nfs/c03/h04/mnt/51258/domains/leadership.thecompleteexperience.ca/html/sendEmail.php on line 15
[23-Aug-2013 13:13:21 America/Los_Angeles] PHP Notice:  Undefined variable: usermessage in /nfs/c03/h04/mnt/51258/domains/leadership.thecompleteexperience.ca/html/sendEmail.php on line 29
[23-Aug-2013 13:13:21 America/Los_Angeles] PHP Notice:  Undefined index: flight in /nfs/c03/h04/mnt/51258/domains/leadership.thecompleteexperience.ca/html/sendEmail.php on line 38
[23-Aug-2013 13:13:21 America/Los_Angeles] PHP Notice:  Undefined index: flight in /nfs/c03/h04/mnt/51258/domains/leadership.thecompleteexperience.ca/html/sendEmail.php on line 65
[23-Aug-2013 15:02:19 America/Los_Angeles] PHP Notice:  Undefined variable: message in /nfs/c03/h04/mnt/51258/domains/leadership.thecompleteexperience.ca/html/sendEmail.php on line 7
[23-Aug-2013 15:02:19 America/Los_Angeles] PHP Notice:  Undefined variable: usermessage in /nfs/c03/h04/mnt/51258/domains/leadership.thecompleteexperience.ca/html/sendEmail.php on line 29
[23-Aug-2013 15:17:01 America/Los_Angeles] PHP Notice:  Undefined variable: message in /nfs/c03/h04/mnt/51258/domains/leadership.thecompleteexperience.ca/html/sendEmail.php on line 7
[23-Aug-2013 15:17:01 America/Los_Angeles] PHP Notice:  Undefined variable: usermessage in /nfs/c03/h04/mnt/51258/domains/leadership.thecompleteexperience.ca/html/sendEmail.php on line 29
[23-Aug-2013 15:28:34 America/Los_Angeles] PHP Notice:  Undefined variable: message in /nfs/c03/h04/mnt/51258/domains/leadership.thecompleteexperience.ca/html/sendEmail.php on line 7
[23-Aug-2013 15:28:34 America/Los_Angeles] PHP Notice:  Undefined variable: usermessage in /nfs/c03/h04/mnt/51258/domains/leadership.thecompleteexperience.ca/html/sendEmail.php on line 29
[23-Aug-2013 15:28:41 America/Los_Angeles] PHP Notice:  Undefined variable: message in /nfs/c03/h04/mnt/51258/domains/leadership.thecompleteexperience.ca/html/sendEmail.php on line 7
[23-Aug-2013 15:28:41 America/Los_Angeles] PHP Notice:  Undefined variable: usermessage in /nfs/c03/h04/mnt/51258/domains/leadership.thecompleteexperience.ca/html/sendEmail.php on line 29
[26-Aug-2013 09:03:13 America/Los_Angeles] PHP Notice:  Undefined variable: message in /nfs/c03/h04/mnt/51258/domains/leadership.thecompleteexperience.ca/html/sendEmail.php on line 7
[26-Aug-2013 09:03:13 America/Los_Angeles] PHP Notice:  Undefined variable: usermessage in /nfs/c03/h04/mnt/51258/domains/leadership.thecompleteexperience.ca/html/sendEmail.php on line 29
[26-Aug-2013 10:27:13 America/Los_Angeles] PHP Notice:  Undefined variable: message in /nfs/c03/h04/mnt/51258/domains/leadership.thecompleteexperience.ca/html/sendEmail.php on line 7
[26-Aug-2013 10:27:13 America/Los_Angeles] PHP Notice:  Undefined variable: usermessage in /nfs/c03/h04/mnt/51258/domains/leadership.thecompleteexperience.ca/html/sendEmail.php on line 29
[26-Aug-2013 10:30:43 America/Los_Angeles] PHP Notice:  Undefined variable: message in /nfs/c03/h04/mnt/51258/domains/leadership.thecompleteexperience.ca/html/sendEmail.php on line 7
[26-Aug-2013 10:30:43 America/Los_Angeles] PHP Notice:  Undefined variable: usermessage in /nfs/c03/h04/mnt/51258/domains/leadership.thecompleteexperience.ca/html/sendEmail.php on line 29
[26-Aug-2013 12:08:14 America/Los_Angeles] PHP Notice:  Undefined variable: message in /nfs/c03/h04/mnt/51258/domains/leadership.thecompleteexperience.ca/html/sendEmail.php on line 7
[26-Aug-2013 12:08:14 America/Los_Angeles] PHP Notice:  Undefined variable: usermessage in /nfs/c03/h04/mnt/51258/domains/leadership.thecompleteexperience.ca/html/sendEmail.php on line 29
[26-Aug-2013 12:10:20 America/Los_Angeles] PHP Notice:  Undefined variable: message in /nfs/c03/h04/mnt/51258/domains/leadership.thecompleteexperience.ca/html/sendEmail.php on line 7
[26-Aug-2013 12:10:20 America/Los_Angeles] PHP Notice:  Undefined variable: usermessage in /nfs/c03/h04/mnt/51258/domains/leadership.thecompleteexperience.ca/html/sendEmail.php on line 29
[26-Aug-2013 12:11:24 America/Los_Angeles] PHP Notice:  Undefined variable: message in /nfs/c03/h04/mnt/51258/domains/leadership.thecompleteexperience.ca/html/sendEmail.php on line 7
[26-Aug-2013 12:11:24 America/Los_Angeles] PHP Notice:  Undefined variable: usermessage in /nfs/c03/h04/mnt/51258/domains/leadership.thecompleteexperience.ca/html/sendEmail.php on line 29
[26-Aug-2013 12:12:33 America/Los_Angeles] PHP Notice:  Undefined variable: message in /nfs/c03/h04/mnt/51258/domains/leadership.thecompleteexperience.ca/html/sendEmail.php on line 7
[26-Aug-2013 12:12:33 America/Los_Angeles] PHP Notice:  Undefined variable: usermessage in /nfs/c03/h04/mnt/51258/domains/leadership.thecompleteexperience.ca/html/sendEmail.php on line 29
[26-Aug-2013 13:44:15 America/Los_Angeles] PHP Notice:  Undefined variable: message in /nfs/c03/h04/mnt/51258/domains/leadership.thecompleteexperience.ca/html/sendEmail.php on line 7
[26-Aug-2013 13:44:15 America/Los_Angeles] PHP Notice:  Undefined variable: usermessage in /nfs/c03/h04/mnt/51258/domains/leadership.thecompleteexperience.ca/html/sendEmail.php on line 29
[30-Aug-2013 10:46:09 America/Los_Angeles] PHP Notice:  Undefined variable: message in /nfs/c03/h04/mnt/51258/domains/leadership.thecompleteexperience.ca/html/sendEmail.php on line 7
[30-Aug-2013 10:46:09 America/Los_Angeles] PHP Notice:  Undefined variable: usermessage in /nfs/c03/h04/mnt/51258/domains/leadership.thecompleteexperience.ca/html/sendEmail.php on line 29
[03-Sep-2013 07:39:46 America/Los_Angeles] PHP Notice:  Undefined variable: message in /nfs/c03/h04/mnt/51258/domains/leadership.thecompleteexperience.ca/html/sendEmail.php on line 7
[03-Sep-2013 07:39:46 America/Los_Angeles] PHP Notice:  Undefined variable: usermessage in /nfs/c03/h04/mnt/51258/domains/leadership.thecompleteexperience.ca/html/sendEmail.php on line 29
[03-Sep-2013 07:39:48 America/Los_Angeles] PHP Notice:  Undefined variable: message in /nfs/c03/h04/mnt/51258/domains/leadership.thecompleteexperience.ca/html/sendEmail.php on line 7
[03-Sep-2013 07:39:48 America/Los_Angeles] PHP Notice:  Undefined variable: usermessage in /nfs/c03/h04/mnt/51258/domains/leadership.thecompleteexperience.ca/html/sendEmail.php on line 29
[16-Sep-2013 10:39:34 America/Los_Angeles] PHP Notice:  Undefined variable: message in /nfs/c03/h04/mnt/51258/domains/leadership.thecompleteexperience.ca/html/sendEmail.php on line 7
[16-Sep-2013 10:39:34 America/Los_Angeles] PHP Notice:  Undefined variable: usermessage in /nfs/c03/h04/mnt/51258/domains/leadership.thecompleteexperience.ca/html/sendEmail.php on line 29
[17-Sep-2013 08:43:26 America/Los_Angeles] PHP Notice:  Undefined variable: message in /nfs/c03/h04/mnt/51258/domains/leadership.thecompleteexperience.ca/html/sendQuestion.php on line 7
[17-Sep-2013 08:45:13 America/Los_Angeles] PHP Notice:  Undefined variable: message in /nfs/c03/h04/mnt/51258/domains/leadership.thecompleteexperience.ca/html/sendQuestion.php on line 7
[17-Sep-2013 08:45:43 America/Los_Angeles] PHP Notice:  Undefined variable: message in /nfs/c03/h04/mnt/51258/domains/leadership.thecompleteexperience.ca/html/sendQuestion.php on line 7
[17-Sep-2013 08:46:53 America/Los_Angeles] PHP Notice:  Undefined variable: message in /nfs/c03/h04/mnt/51258/domains/leadership.thecompleteexperience.ca/html/sendQuestion.php on line 7
[17-Sep-2013 08:52:36 America/Los_Angeles] PHP Notice:  Undefined variable: message in /nfs/c03/h04/mnt/51258/domains/leadership.thecompleteexperience.ca/html/sendQuestion.php on line 7
[17-Sep-2013 08:52:49 America/Los_Angeles] PHP Notice:  Undefined variable: message in /nfs/c03/h04/mnt/51258/domains/leadership.thecompleteexperience.ca/html/sendQuestion.php on line 7
[20-Sep-2013 16:40:22 America/Los_Angeles] PHP Notice:  Undefined variable: message in /nfs/c03/h04/mnt/51258/domains/leadership.thecompleteexperience.ca/html/sendQuestion.php on line 7
[20-Sep-2013 17:45:57 America/Los_Angeles] PHP Notice:  Undefined variable: message in /nfs/c03/h04/mnt/51258/domains/leadership.thecompleteexperience.ca/html/sendQuestion.php on line 7
[23-Sep-2013 05:49:02 America/Los_Angeles] PHP Notice:  Undefined variable: message in /nfs/c03/h04/mnt/51258/domains/leadership.thecompleteexperience.ca/html/sendQuestion.php on line 7
[03-Oct-2013 15:32:32 America/Los_Angeles] PHP Notice:  Undefined variable: message in /nfs/c03/h04/mnt/51258/domains/leadership.thecompleteexperience.ca/html/sendQuestion.php on line 7
[17-Jun-2014 14:36:55 America/Los_Angeles] PHP Notice:  Undefined variable: message in /nfs/c03/h04/mnt/51258/domains/merch.thecompleteexperience.ca/html/sendEmail.php on line 7
[17-Jun-2014 14:36:55 America/Los_Angeles] PHP Notice:  Undefined index: decline in /nfs/c03/h04/mnt/51258/domains/merch.thecompleteexperience.ca/html/sendEmail.php on line 26
[17-Jun-2014 14:36:55 America/Los_Angeles] PHP Notice:  Undefined variable: usermessage in /nfs/c03/h04/mnt/51258/domains/merch.thecompleteexperience.ca/html/sendEmail.php on line 33
[17-Jun-2014 14:36:55 America/Los_Angeles] PHP Notice:  Undefined index: decline in /nfs/c03/h04/mnt/51258/domains/merch.thecompleteexperience.ca/html/sendEmail.php on line 53
[17-Jun-2014 14:36:55 America/Los_Angeles] PHP Notice:  Undefined index: flight in /nfs/c03/h04/mnt/51258/domains/merch.thecompleteexperience.ca/html/sendEmail.php on line 74
[17-Jun-2014 14:36:55 America/Los_Angeles] PHP Notice:  Undefined index: bus in /nfs/c03/h04/mnt/51258/domains/merch.thecompleteexperience.ca/html/sendEmail.php on line 75
[17-Jun-2014 14:36:55 America/Los_Angeles] PHP Notice:  Undefined index: decline in /nfs/c03/h04/mnt/51258/domains/merch.thecompleteexperience.ca/html/sendEmail.php on line 80
[02-Oct-2014 15:30:17 America/Los_Angeles] PHP Notice:  Undefined variable: message in /nfs/c03/h04/mnt/51258/domains/leadership.thecompleteexperience.ca/html/sendEmail.php on line 7
[02-Oct-2014 15:30:17 America/Los_Angeles] PHP Notice:  Undefined index: flight in /nfs/c03/h04/mnt/51258/domains/leadership.thecompleteexperience.ca/html/sendEmail.php on line 15
[02-Oct-2014 15:30:17 America/Los_Angeles] PHP Notice:  Undefined variable: usermessage in /nfs/c03/h04/mnt/51258/domains/leadership.thecompleteexperience.ca/html/sendEmail.php on line 29
[02-Oct-2014 15:30:17 America/Los_Angeles] PHP Notice:  Undefined index: flight in /nfs/c03/h04/mnt/51258/domains/leadership.thecompleteexperience.ca/html/sendEmail.php on line 38
[02-Oct-2014 15:30:17 America/Los_Angeles] PHP Notice:  Undefined index: flight in /nfs/c03/h04/mnt/51258/domains/leadership.thecompleteexperience.ca/html/sendEmail.php on line 65
[02-Oct-2014 15:30:48 America/Los_Angeles] PHP Notice:  Undefined variable: message in /nfs/c03/h04/mnt/51258/domains/leadership.thecompleteexperience.ca/html/sendEmail.php on line 7
[02-Oct-2014 15:30:48 America/Los_Angeles] PHP Notice:  Undefined index: flight in /nfs/c03/h04/mnt/51258/domains/leadership.thecompleteexperience.ca/html/sendEmail.php on line 15
[02-Oct-2014 15:30:48 America/Los_Angeles] PHP Notice:  Undefined variable: usermessage in /nfs/c03/h04/mnt/51258/domains/leadership.thecompleteexperience.ca/html/sendEmail.php on line 29
[02-Oct-2014 15:30:49 America/Los_Angeles] PHP Notice:  Undefined index: flight in /nfs/c03/h04/mnt/51258/domains/leadership.thecompleteexperience.ca/html/sendEmail.php on line 38
[02-Oct-2014 15:30:49 America/Los_Angeles] PHP Notice:  Undefined index: flight in /nfs/c03/h04/mnt/51258/domains/leadership.thecompleteexperience.ca/html/sendEmail.php on line 65
[02-Oct-2014 15:31:35 America/Los_Angeles] PHP Notice:  Undefined variable: message in /nfs/c03/h04/mnt/51258/domains/leadership.thecompleteexperience.ca/html/sendEmail.php on line 7
[02-Oct-2014 15:31:35 America/Los_Angeles] PHP Notice:  Undefined index: flight in /nfs/c03/h04/mnt/51258/domains/leadership.thecompleteexperience.ca/html/sendEmail.php on line 15
[02-Oct-2014 15:31:35 America/Los_Angeles] PHP Notice:  Undefined variable: usermessage in /nfs/c03/h04/mnt/51258/domains/leadership.thecompleteexperience.ca/html/sendEmail.php on line 29
[02-Oct-2014 15:31:35 America/Los_Angeles] PHP Notice:  Undefined index: flight in /nfs/c03/h04/mnt/51258/domains/leadership.thecompleteexperience.ca/html/sendEmail.php on line 38
[02-Oct-2014 15:31:35 America/Los_Angeles] PHP Notice:  Undefined index: flight in /nfs/c03/h04/mnt/51258/domains/leadership.thecompleteexperience.ca/html/sendEmail.php on line 65
[02-Oct-2014 15:37:41 America/Los_Angeles] PHP Notice:  Undefined variable: message in /nfs/c03/h04/mnt/51258/domains/leadership.thecompleteexperience.ca/html/sendEmail.php on line 7
[02-Oct-2014 15:37:41 America/Los_Angeles] PHP Notice:  Undefined index: activity_1 in /nfs/c03/h04/mnt/51258/domains/leadership.thecompleteexperience.ca/html/sendEmail.php on line 17
[02-Oct-2014 15:37:41 America/Los_Angeles] PHP Notice:  Undefined index: activity_2 in /nfs/c03/h04/mnt/51258/domains/leadership.thecompleteexperience.ca/html/sendEmail.php on line 17
[02-Oct-2014 15:37:41 America/Los_Angeles] PHP Notice:  Undefined variable: usermessage in /nfs/c03/h04/mnt/51258/domains/leadership.thecompleteexperience.ca/html/sendEmail.php on line 28
[02-Oct-2014 15:37:41 America/Los_Angeles] PHP Notice:  Undefined index: activity_1 in /nfs/c03/h04/mnt/51258/domains/leadership.thecompleteexperience.ca/html/sendEmail.php on line 39
[02-Oct-2014 15:37:41 America/Los_Angeles] PHP Notice:  Undefined index: activity_2 in /nfs/c03/h04/mnt/51258/domains/leadership.thecompleteexperience.ca/html/sendEmail.php on line 39
[02-Oct-2014 15:37:41 America/Los_Angeles] PHP Notice:  Undefined index: activity_1 in /nfs/c03/h04/mnt/51258/domains/leadership.thecompleteexperience.ca/html/sendEmail.php on line 65
[02-Oct-2014 15:37:41 America/Los_Angeles] PHP Notice:  Undefined index: activity_2 in /nfs/c03/h04/mnt/51258/domains/leadership.thecompleteexperience.ca/html/sendEmail.php on line 66
[02-Oct-2014 15:40:42 America/Los_Angeles] PHP Notice:  Undefined variable: message in /nfs/c03/h04/mnt/51258/domains/leadership.thecompleteexperience.ca/html/sendEmail.php on line 7
[02-Oct-2014 15:40:42 America/Los_Angeles] PHP Notice:  Undefined variable: usermessage in /nfs/c03/h04/mnt/51258/domains/leadership.thecompleteexperience.ca/html/sendEmail.php on line 28
[02-Oct-2014 15:43:13 America/Los_Angeles] PHP Notice:  Undefined variable: message in /nfs/c03/h04/mnt/51258/domains/leadership.thecompleteexperience.ca/html/sendEmail.php on line 7
[02-Oct-2014 15:43:13 America/Los_Angeles] PHP Notice:  Undefined variable: usermessage in /nfs/c03/h04/mnt/51258/domains/leadership.thecompleteexperience.ca/html/sendEmail.php on line 28
[02-Oct-2014 15:43:50 America/Los_Angeles] PHP Notice:  Undefined variable: message in /nfs/c03/h04/mnt/51258/domains/leadership.thecompleteexperience.ca/html/sendEmail.php on line 7
[02-Oct-2014 15:43:51 America/Los_Angeles] PHP Notice:  Undefined variable: usermessage in /nfs/c03/h04/mnt/51258/domains/leadership.thecompleteexperience.ca/html/sendEmail.php on line 28
[02-Oct-2014 15:44:31 America/Los_Angeles] PHP Notice:  Undefined variable: message in /nfs/c03/h04/mnt/51258/domains/leadership.thecompleteexperience.ca/html/sendEmail.php on line 7
[02-Oct-2014 15:44:31 America/Los_Angeles] PHP Notice:  Undefined variable: usermessage in /nfs/c03/h04/mnt/51258/domains/leadership.thecompleteexperience.ca/html/sendEmail.php on line 28
[02-Oct-2014 15:45:48 America/Los_Angeles] PHP Notice:  Undefined variable: message in /nfs/c03/h04/mnt/51258/domains/leadership.thecompleteexperience.ca/html/sendEmail.php on line 7
[02-Oct-2014 15:45:48 America/Los_Angeles] PHP Notice:  Undefined variable: usermessage in /nfs/c03/h04/mnt/51258/domains/leadership.thecompleteexperience.ca/html/sendEmail.php on line 28
[02-Oct-2014 15:46:55 America/Los_Angeles] PHP Notice:  Undefined variable: message in /nfs/c03/h04/mnt/51258/domains/leadership.thecompleteexperience.ca/html/sendEmail.php on line 7
[02-Oct-2014 15:46:55 America/Los_Angeles] PHP Notice:  Undefined variable: usermessage in /nfs/c03/h04/mnt/51258/domains/leadership.thecompleteexperience.ca/html/sendEmail.php on line 28
[03-Oct-2014 08:58:20 America/Los_Angeles] PHP Notice:  Undefined variable: message in /nfs/c03/h04/mnt/51258/domains/leadership.thecompleteexperience.ca/html/sendEmail.php on line 7
[03-Oct-2014 08:58:20 America/Los_Angeles] PHP Notice:  Undefined variable: usermessage in /nfs/c03/h04/mnt/51258/domains/leadership.thecompleteexperience.ca/html/sendEmail.php on line 28
[27-Oct-2014 14:44:47 America/Los_Angeles] PHP Notice:  Undefined variable: message in /nfs/c03/h04/mnt/51258/domains/leadership.thecompleteexperience.ca/html/sendEmail.php on line 7
[27-Oct-2014 14:44:47 America/Los_Angeles] PHP Notice:  Undefined variable: usermessage in /nfs/c03/h04/mnt/51258/domains/leadership.thecompleteexperience.ca/html/sendEmail.php on line 28
[27-Oct-2014 14:45:03 America/Los_Angeles] PHP Notice:  Undefined variable: message in /nfs/c03/h04/mnt/51258/domains/leadership.thecompleteexperience.ca/html/sendEmail.php on line 7
[27-Oct-2014 14:45:03 America/Los_Angeles] PHP Notice:  Undefined variable: usermessage in /nfs/c03/h04/mnt/51258/domains/leadership.thecompleteexperience.ca/html/sendEmail.php on line 28
[27-Oct-2014 14:46:12 America/Los_Angeles] PHP Notice:  Undefined variable: message in /nfs/c03/h04/mnt/51258/domains/leadership.thecompleteexperience.ca/html/sendEmail.php on line 7
[27-Oct-2014 14:46:12 America/Los_Angeles] PHP Notice:  Undefined variable: usermessage in /nfs/c03/h04/mnt/51258/domains/leadership.thecompleteexperience.ca/html/sendEmail.php on line 28
[27-Oct-2014 14:47:58 America/Los_Angeles] PHP Notice:  Undefined variable: message in /nfs/c03/h04/mnt/51258/domains/leadership.thecompleteexperience.ca/html/sendEmail.php on line 7
[27-Oct-2014 14:47:58 America/Los_Angeles] PHP Notice:  Undefined variable: usermessage in /nfs/c03/h04/mnt/51258/domains/leadership.thecompleteexperience.ca/html/sendEmail.php on line 28
[27-Oct-2014 14:49:14 America/Los_Angeles] PHP Notice:  Undefined variable: message in /nfs/c03/h04/mnt/51258/domains/leadership.thecompleteexperience.ca/html/sendEmail.php on line 7
[27-Oct-2014 14:49:14 America/Los_Angeles] PHP Notice:  Undefined variable: usermessage in /nfs/c03/h04/mnt/51258/domains/leadership.thecompleteexperience.ca/html/sendEmail.php on line 28
[27-Oct-2014 14:49:22 America/Los_Angeles] PHP Notice:  Undefined variable: message in /nfs/c03/h04/mnt/51258/domains/leadership.thecompleteexperience.ca/html/sendEmail.php on line 7
[27-Oct-2014 14:49:22 America/Los_Angeles] PHP Notice:  Undefined variable: usermessage in /nfs/c03/h04/mnt/51258/domains/leadership.thecompleteexperience.ca/html/sendEmail.php on line 28
[27-Oct-2014 14:49:31 America/Los_Angeles] PHP Notice:  Undefined variable: message in /nfs/c03/h04/mnt/51258/domains/leadership.thecompleteexperience.ca/html/sendEmail.php on line 7
[27-Oct-2014 14:49:31 America/Los_Angeles] PHP Notice:  Undefined variable: usermessage in /nfs/c03/h04/mnt/51258/domains/leadership.thecompleteexperience.ca/html/sendEmail.php on line 28
[27-Oct-2014 14:49:42 America/Los_Angeles] PHP Notice:  Undefined variable: message in /nfs/c03/h04/mnt/51258/domains/leadership.thecompleteexperience.ca/html/sendEmail.php on line 7
[27-Oct-2014 14:49:42 America/Los_Angeles] PHP Notice:  Undefined variable: usermessage in /nfs/c03/h04/mnt/51258/domains/leadership.thecompleteexperience.ca/html/sendEmail.php on line 28
[27-Oct-2014 14:50:56 America/Los_Angeles] PHP Notice:  Undefined variable: message in /nfs/c03/h04/mnt/51258/domains/leadership.thecompleteexperience.ca/html/sendEmail.php on line 7
[27-Oct-2014 14:50:56 America/Los_Angeles] PHP Notice:  Undefined variable: usermessage in /nfs/c03/h04/mnt/51258/domains/leadership.thecompleteexperience.ca/html/sendEmail.php on line 28
[27-Oct-2014 14:52:43 America/Los_Angeles] PHP Notice:  Undefined variable: message in /nfs/c03/h04/mnt/51258/domains/leadership.thecompleteexperience.ca/html/sendEmail.php on line 7
[27-Oct-2014 14:52:43 America/Los_Angeles] PHP Notice:  Undefined variable: usermessage in /nfs/c03/h04/mnt/51258/domains/leadership.thecompleteexperience.ca/html/sendEmail.php on line 28
[27-Oct-2014 14:54:04 America/Los_Angeles] PHP Notice:  Undefined variable: message in /nfs/c03/h04/mnt/51258/domains/leadership.thecompleteexperience.ca/html/sendEmail.php on line 7
[27-Oct-2014 14:54:04 America/Los_Angeles] PHP Notice:  Undefined variable: usermessage in /nfs/c03/h04/mnt/51258/domains/leadership.thecompleteexperience.ca/html/sendEmail.php on line 28
[27-Oct-2014 14:54:13 America/Los_Angeles] PHP Notice:  Undefined variable: message in /nfs/c03/h04/mnt/51258/domains/leadership.thecompleteexperience.ca/html/sendEmail.php on line 7
[27-Oct-2014 14:54:13 America/Los_Angeles] PHP Notice:  Undefined variable: usermessage in /nfs/c03/h04/mnt/51258/domains/leadership.thecompleteexperience.ca/html/sendEmail.php on line 28
[27-Oct-2014 14:55:11 America/Los_Angeles] PHP Notice:  Undefined variable: message in /nfs/c03/h04/mnt/51258/domains/leadership.thecompleteexperience.ca/html/sendEmail.php on line 7
[27-Oct-2014 14:55:11 America/Los_Angeles] PHP Notice:  Undefined variable: usermessage in /nfs/c03/h04/mnt/51258/domains/leadership.thecompleteexperience.ca/html/sendEmail.php on line 28
[27-Oct-2014 15:10:30 America/Los_Angeles] PHP Notice:  Undefined variable: message in /nfs/c03/h04/mnt/51258/domains/leadership.thecompleteexperience.ca/html/sendEmail.php on line 7
[27-Oct-2014 15:10:30 America/Los_Angeles] PHP Notice:  Undefined variable: usermessage in /nfs/c03/h04/mnt/51258/domains/leadership.thecompleteexperience.ca/html/sendEmail.php on line 28
[27-Oct-2014 15:12:34 America/Los_Angeles] PHP Notice:  Undefined variable: message in /nfs/c03/h04/mnt/51258/domains/leadership.thecompleteexperience.ca/html/sendEmail.php on line 7
[27-Oct-2014 15:12:34 America/Los_Angeles] PHP Notice:  Undefined variable: usermessage in /nfs/c03/h04/mnt/51258/domains/leadership.thecompleteexperience.ca/html/sendEmail.php on line 28
[27-Oct-2014 15:14:00 America/Los_Angeles] PHP Notice:  Undefined variable: message in /nfs/c03/h04/mnt/51258/domains/leadership.thecompleteexperience.ca/html/sendEmail.php on line 7
[27-Oct-2014 15:14:00 America/Los_Angeles] PHP Notice:  Undefined variable: usermessage in /nfs/c03/h04/mnt/51258/domains/leadership.thecompleteexperience.ca/html/sendEmail.php on line 28
[27-Oct-2014 15:18:24 America/Los_Angeles] PHP Notice:  Undefined variable: message in /nfs/c03/h04/mnt/51258/domains/leadership.thecompleteexperience.ca/html/sendEmail.php on line 7
[27-Oct-2014 15:18:24 America/Los_Angeles] PHP Notice:  Undefined variable: usermessage in /nfs/c03/h04/mnt/51258/domains/leadership.thecompleteexperience.ca/html/sendEmail.php on line 28
[27-Oct-2014 15:37:37 America/Los_Angeles] PHP Notice:  Undefined variable: message in /nfs/c03/h04/mnt/51258/domains/leadership.thecompleteexperience.ca/html/sendEmail.php on line 7
[27-Oct-2014 15:37:37 America/Los_Angeles] PHP Notice:  Undefined variable: usermessage in /nfs/c03/h04/mnt/51258/domains/leadership.thecompleteexperience.ca/html/sendEmail.php on line 28
[27-Oct-2014 16:00:52 America/Los_Angeles] PHP Notice:  Undefined variable: message in /nfs/c03/h04/mnt/51258/domains/leadership.thecompleteexperience.ca/html/sendEmail.php on line 7
[27-Oct-2014 16:00:52 America/Los_Angeles] PHP Notice:  Undefined variable: usermessage in /nfs/c03/h04/mnt/51258/domains/leadership.thecompleteexperience.ca/html/sendEmail.php on line 28
[27-Oct-2014 17:08:34 America/Los_Angeles] PHP Notice:  Undefined variable: message in /nfs/c03/h04/mnt/51258/domains/leadership.thecompleteexperience.ca/html/sendEmail.php on line 7
[27-Oct-2014 17:08:34 America/Los_Angeles] PHP Notice:  Undefined variable: usermessage in /nfs/c03/h04/mnt/51258/domains/leadership.thecompleteexperience.ca/html/sendEmail.php on line 28
[27-Oct-2014 17:09:52 America/Los_Angeles] PHP Notice:  Undefined variable: message in /nfs/c03/h04/mnt/51258/domains/leadership.thecompleteexperience.ca/html/sendEmail.php on line 7
[27-Oct-2014 17:09:52 America/Los_Angeles] PHP Notice:  Undefined variable: usermessage in /nfs/c03/h04/mnt/51258/domains/leadership.thecompleteexperience.ca/html/sendEmail.php on line 28
[27-Oct-2014 17:38:32 America/Los_Angeles] PHP Notice:  Undefined variable: message in /nfs/c03/h04/mnt/51258/domains/leadership.thecompleteexperience.ca/html/sendEmail.php on line 7
[27-Oct-2014 17:38:32 America/Los_Angeles] PHP Notice:  Undefined variable: usermessage in /nfs/c03/h04/mnt/51258/domains/leadership.thecompleteexperience.ca/html/sendEmail.php on line 28
[27-Oct-2014 19:24:22 America/Los_Angeles] PHP Notice:  Undefined variable: message in /nfs/c03/h04/mnt/51258/domains/leadership.thecompleteexperience.ca/html/sendEmail.php on line 7
[27-Oct-2014 19:24:22 America/Los_Angeles] PHP Notice:  Undefined variable: usermessage in /nfs/c03/h04/mnt/51258/domains/leadership.thecompleteexperience.ca/html/sendEmail.php on line 28
[27-Oct-2014 21:09:46 America/Los_Angeles] PHP Notice:  Undefined variable: message in /nfs/c03/h04/mnt/51258/domains/leadership.thecompleteexperience.ca/html/sendEmail.php on line 7
[27-Oct-2014 21:09:46 America/Los_Angeles] PHP Notice:  Undefined variable: usermessage in /nfs/c03/h04/mnt/51258/domains/leadership.thecompleteexperience.ca/html/sendEmail.php on line 28
[28-Oct-2014 05:06:00 America/Los_Angeles] PHP Notice:  Undefined variable: message in /nfs/c03/h04/mnt/51258/domains/leadership.thecompleteexperience.ca/html/sendEmail.php on line 7
[28-Oct-2014 05:06:00 America/Los_Angeles] PHP Notice:  Undefined variable: usermessage in /nfs/c03/h04/mnt/51258/domains/leadership.thecompleteexperience.ca/html/sendEmail.php on line 28
[28-Oct-2014 05:31:48 America/Los_Angeles] PHP Notice:  Undefined variable: message in /nfs/c03/h04/mnt/51258/domains/leadership.thecompleteexperience.ca/html/sendEmail.php on line 7
[28-Oct-2014 05:31:48 America/Los_Angeles] PHP Notice:  Undefined variable: usermessage in /nfs/c03/h04/mnt/51258/domains/leadership.thecompleteexperience.ca/html/sendEmail.php on line 28
[28-Oct-2014 05:43:25 America/Los_Angeles] PHP Notice:  Undefined variable: message in /nfs/c03/h04/mnt/51258/domains/leadership.thecompleteexperience.ca/html/sendEmail.php on line 7
[28-Oct-2014 05:43:25 America/Los_Angeles] PHP Notice:  Undefined variable: usermessage in /nfs/c03/h04/mnt/51258/domains/leadership.thecompleteexperience.ca/html/sendEmail.php on line 28
[28-Oct-2014 05:53:49 America/Los_Angeles] PHP Notice:  Undefined variable: message in /nfs/c03/h04/mnt/51258/domains/leadership.thecompleteexperience.ca/html/sendEmail.php on line 7
[28-Oct-2014 05:53:49 America/Los_Angeles] PHP Notice:  Undefined variable: usermessage in /nfs/c03/h04/mnt/51258/domains/leadership.thecompleteexperience.ca/html/sendEmail.php on line 28
[28-Oct-2014 06:23:08 America/Los_Angeles] PHP Notice:  Undefined variable: message in /nfs/c03/h04/mnt/51258/domains/leadership.thecompleteexperience.ca/html/sendEmail.php on line 7
[28-Oct-2014 06:23:08 America/Los_Angeles] PHP Notice:  Undefined variable: usermessage in /nfs/c03/h04/mnt/51258/domains/leadership.thecompleteexperience.ca/html/sendEmail.php on line 28
[28-Oct-2014 06:55:04 America/Los_Angeles] PHP Notice:  Undefined variable: message in /nfs/c03/h04/mnt/51258/domains/leadership.thecompleteexperience.ca/html/sendEmail.php on line 7
[28-Oct-2014 06:55:04 America/Los_Angeles] PHP Notice:  Undefined variable: usermessage in /nfs/c03/h04/mnt/51258/domains/leadership.thecompleteexperience.ca/html/sendEmail.php on line 28
[28-Oct-2014 06:56:48 America/Los_Angeles] PHP Notice:  Undefined variable: message in /nfs/c03/h04/mnt/51258/domains/leadership.thecompleteexperience.ca/html/sendEmail.php on line 7
[28-Oct-2014 06:56:48 America/Los_Angeles] PHP Notice:  Undefined variable: usermessage in /nfs/c03/h04/mnt/51258/domains/leadership.thecompleteexperience.ca/html/sendEmail.php on line 28
[28-Oct-2014 07:11:55 America/Los_Angeles] PHP Notice:  Undefined variable: message in /nfs/c03/h04/mnt/51258/domains/leadership.thecompleteexperience.ca/html/sendEmail.php on line 7
[28-Oct-2014 07:11:55 America/Los_Angeles] PHP Notice:  Undefined variable: usermessage in /nfs/c03/h04/mnt/51258/domains/leadership.thecompleteexperience.ca/html/sendEmail.php on line 28
[28-Oct-2014 07:19:04 America/Los_Angeles] PHP Notice:  Undefined variable: message in /nfs/c03/h04/mnt/51258/domains/leadership.thecompleteexperience.ca/html/sendEmail.php on line 7
[28-Oct-2014 07:19:04 America/Los_Angeles] PHP Notice:  Undefined variable: usermessage in /nfs/c03/h04/mnt/51258/domains/leadership.thecompleteexperience.ca/html/sendEmail.php on line 28
[28-Oct-2014 07:25:27 America/Los_Angeles] PHP Notice:  Undefined variable: message in /nfs/c03/h04/mnt/51258/domains/leadership.thecompleteexperience.ca/html/sendEmail.php on line 7
[28-Oct-2014 07:25:27 America/Los_Angeles] PHP Notice:  Undefined variable: usermessage in /nfs/c03/h04/mnt/51258/domains/leadership.thecompleteexperience.ca/html/sendEmail.php on line 28
[28-Oct-2014 07:29:57 America/Los_Angeles] PHP Notice:  Undefined variable: message in /nfs/c03/h04/mnt/51258/domains/leadership.thecompleteexperience.ca/html/sendEmail.php on line 7
[28-Oct-2014 07:29:57 America/Los_Angeles] PHP Notice:  Undefined variable: usermessage in /nfs/c03/h04/mnt/51258/domains/leadership.thecompleteexperience.ca/html/sendEmail.php on line 28
[28-Oct-2014 07:33:44 America/Los_Angeles] PHP Notice:  Undefined variable: message in /nfs/c03/h04/mnt/51258/domains/leadership.thecompleteexperience.ca/html/sendEmail.php on line 7
[28-Oct-2014 07:33:44 America/Los_Angeles] PHP Notice:  Undefined variable: usermessage in /nfs/c03/h04/mnt/51258/domains/leadership.thecompleteexperience.ca/html/sendEmail.php on line 28
[28-Oct-2014 08:01:58 America/Los_Angeles] PHP Notice:  Undefined variable: message in /nfs/c03/h04/mnt/51258/domains/leadership.thecompleteexperience.ca/html/sendEmail.php on line 7
[28-Oct-2014 08:01:58 America/Los_Angeles] PHP Notice:  Undefined variable: usermessage in /nfs/c03/h04/mnt/51258/domains/leadership.thecompleteexperience.ca/html/sendEmail.php on line 28
[28-Oct-2014 08:56:45 America/Los_Angeles] PHP Notice:  Undefined variable: message in /nfs/c03/h04/mnt/51258/domains/leadership.thecompleteexperience.ca/html/sendEmail.php on line 7
[28-Oct-2014 08:56:45 America/Los_Angeles] PHP Notice:  Undefined variable: usermessage in /nfs/c03/h04/mnt/51258/domains/leadership.thecompleteexperience.ca/html/sendEmail.php on line 28
[28-Oct-2014 09:44:59 America/Los_Angeles] PHP Notice:  Undefined variable: message in /nfs/c03/h04/mnt/51258/domains/leadership.thecompleteexperience.ca/html/sendEmail.php on line 7
[28-Oct-2014 09:44:59 America/Los_Angeles] PHP Notice:  Undefined variable: usermessage in /nfs/c03/h04/mnt/51258/domains/leadership.thecompleteexperience.ca/html/sendEmail.php on line 28
[28-Oct-2014 10:07:32 America/Los_Angeles] PHP Notice:  Undefined variable: message in /nfs/c03/h04/mnt/51258/domains/leadership.thecompleteexperience.ca/html/sendEmail.php on line 7
[28-Oct-2014 10:07:32 America/Los_Angeles] PHP Notice:  Undefined variable: usermessage in /nfs/c03/h04/mnt/51258/domains/leadership.thecompleteexperience.ca/html/sendEmail.php on line 28
[28-Oct-2014 12:01:40 America/Los_Angeles] PHP Notice:  Undefined variable: message in /nfs/c03/h04/mnt/51258/domains/leadership.thecompleteexperience.ca/html/sendEmail.php on line 7
[28-Oct-2014 12:01:40 America/Los_Angeles] PHP Notice:  Undefined variable: usermessage in /nfs/c03/h04/mnt/51258/domains/leadership.thecompleteexperience.ca/html/sendEmail.php on line 28
[28-Oct-2014 12:46:12 America/Los_Angeles] PHP Notice:  Undefined variable: message in /nfs/c03/h04/mnt/51258/domains/leadership.thecompleteexperience.ca/html/sendEmail.php on line 7
[28-Oct-2014 12:46:12 America/Los_Angeles] PHP Notice:  Undefined variable: usermessage in /nfs/c03/h04/mnt/51258/domains/leadership.thecompleteexperience.ca/html/sendEmail.php on line 28
[28-Oct-2014 13:01:39 America/Los_Angeles] PHP Notice:  Undefined variable: message in /nfs/c03/h04/mnt/51258/domains/leadership.thecompleteexperience.ca/html/sendEmail.php on line 7
[28-Oct-2014 13:01:39 America/Los_Angeles] PHP Notice:  Undefined variable: usermessage in /nfs/c03/h04/mnt/51258/domains/leadership.thecompleteexperience.ca/html/sendEmail.php on line 28
[28-Oct-2014 14:14:30 America/Los_Angeles] PHP Notice:  Undefined variable: message in /nfs/c03/h04/mnt/51258/domains/leadership.thecompleteexperience.ca/html/sendEmail.php on line 7
[28-Oct-2014 14:14:30 America/Los_Angeles] PHP Notice:  Undefined variable: usermessage in /nfs/c03/h04/mnt/51258/domains/leadership.thecompleteexperience.ca/html/sendEmail.php on line 28
[28-Oct-2014 20:39:57 America/Los_Angeles] PHP Notice:  Undefined variable: message in /nfs/c03/h04/mnt/51258/domains/leadership.thecompleteexperience.ca/html/sendEmail.php on line 7
[28-Oct-2014 20:39:57 America/Los_Angeles] PHP Notice:  Undefined variable: usermessage in /nfs/c03/h04/mnt/51258/domains/leadership.thecompleteexperience.ca/html/sendEmail.php on line 28
[29-Oct-2014 06:51:17 America/Los_Angeles] PHP Notice:  Undefined variable: message in /nfs/c03/h04/mnt/51258/domains/leadership.thecompleteexperience.ca/html/sendEmail.php on line 7
[29-Oct-2014 06:51:17 America/Los_Angeles] PHP Notice:  Undefined variable: usermessage in /nfs/c03/h04/mnt/51258/domains/leadership.thecompleteexperience.ca/html/sendEmail.php on line 28
[29-Oct-2014 07:42:59 America/Los_Angeles] PHP Notice:  Undefined variable: message in /nfs/c03/h04/mnt/51258/domains/leadership.thecompleteexperience.ca/html/sendEmail.php on line 7
[29-Oct-2014 07:42:59 America/Los_Angeles] PHP Notice:  Undefined variable: usermessage in /nfs/c03/h04/mnt/51258/domains/leadership.thecompleteexperience.ca/html/sendEmail.php on line 28
[29-Oct-2014 09:04:06 America/Los_Angeles] PHP Notice:  Undefined variable: message in /nfs/c03/h04/mnt/51258/domains/leadership.thecompleteexperience.ca/html/sendEmail.php on line 7
[29-Oct-2014 09:04:06 America/Los_Angeles] PHP Notice:  Undefined variable: usermessage in /nfs/c03/h04/mnt/51258/domains/leadership.thecompleteexperience.ca/html/sendEmail.php on line 28
[29-Oct-2014 11:46:09 America/Los_Angeles] PHP Notice:  Undefined variable: message in /nfs/c03/h04/mnt/51258/domains/leadership.thecompleteexperience.ca/html/sendEmail.php on line 7
[29-Oct-2014 11:46:09 America/Los_Angeles] PHP Notice:  Undefined variable: usermessage in /nfs/c03/h04/mnt/51258/domains/leadership.thecompleteexperience.ca/html/sendEmail.php on line 28
[29-Oct-2014 11:51:29 America/Los_Angeles] PHP Notice:  Undefined variable: message in /nfs/c03/h04/mnt/51258/domains/leadership.thecompleteexperience.ca/html/sendEmail.php on line 7
[29-Oct-2014 11:51:29 America/Los_Angeles] PHP Notice:  Undefined variable: usermessage in /nfs/c03/h04/mnt/51258/domains/leadership.thecompleteexperience.ca/html/sendEmail.php on line 28
[29-Oct-2014 13:44:10 America/Los_Angeles] PHP Notice:  Undefined variable: message in /nfs/c03/h04/mnt/51258/domains/leadership.thecompleteexperience.ca/html/sendEmail.php on line 7
[29-Oct-2014 13:44:10 America/Los_Angeles] PHP Notice:  Undefined variable: usermessage in /nfs/c03/h04/mnt/51258/domains/leadership.thecompleteexperience.ca/html/sendEmail.php on line 28
[01-Nov-2014 20:16:31 America/Los_Angeles] PHP Notice:  Undefined variable: message in /nfs/c03/h04/mnt/51258/domains/leadership.thecompleteexperience.ca/html/sendEmail.php on line 7
[01-Nov-2014 20:16:31 America/Los_Angeles] PHP Notice:  Undefined variable: usermessage in /nfs/c03/h04/mnt/51258/domains/leadership.thecompleteexperience.ca/html/sendEmail.php on line 28
[02-Nov-2014 15:02:50 America/Los_Angeles] PHP Notice:  Undefined variable: message in /nfs/c03/h04/mnt/51258/domains/leadership.thecompleteexperience.ca/html/sendEmail.php on line 7
[02-Nov-2014 15:02:50 America/Los_Angeles] PHP Notice:  Undefined variable: usermessage in /nfs/c03/h04/mnt/51258/domains/leadership.thecompleteexperience.ca/html/sendEmail.php on line 28
[02-Nov-2014 15:29:42 America/Los_Angeles] PHP Notice:  Undefined variable: message in /nfs/c03/h04/mnt/51258/domains/leadership.thecompleteexperience.ca/html/sendEmail.php on line 7
[02-Nov-2014 15:29:42 America/Los_Angeles] PHP Notice:  Undefined variable: usermessage in /nfs/c03/h04/mnt/51258/domains/leadership.thecompleteexperience.ca/html/sendEmail.php on line 28
[02-Nov-2014 18:06:06 America/Los_Angeles] PHP Notice:  Undefined variable: message in /nfs/c03/h04/mnt/51258/domains/leadership.thecompleteexperience.ca/html/sendEmail.php on line 7
[02-Nov-2014 18:06:06 America/Los_Angeles] PHP Notice:  Undefined variable: usermessage in /nfs/c03/h04/mnt/51258/domains/leadership.thecompleteexperience.ca/html/sendEmail.php on line 28
[02-Nov-2014 18:15:07 America/Los_Angeles] PHP Notice:  Undefined variable: message in /nfs/c03/h04/mnt/51258/domains/leadership.thecompleteexperience.ca/html/sendEmail.php on line 7
[02-Nov-2014 18:15:07 America/Los_Angeles] PHP Notice:  Undefined variable: usermessage in /nfs/c03/h04/mnt/51258/domains/leadership.thecompleteexperience.ca/html/sendEmail.php on line 28
[03-Nov-2014 05:02:30 America/Los_Angeles] PHP Notice:  Undefined variable: message in /nfs/c03/h04/mnt/51258/domains/leadership.thecompleteexperience.ca/html/sendEmail.php on line 7
[03-Nov-2014 05:02:30 America/Los_Angeles] PHP Notice:  Undefined variable: usermessage in /nfs/c03/h04/mnt/51258/domains/leadership.thecompleteexperience.ca/html/sendEmail.php on line 28
[03-Nov-2014 06:17:09 America/Los_Angeles] PHP Notice:  Undefined variable: message in /nfs/c03/h04/mnt/51258/domains/leadership.thecompleteexperience.ca/html/sendEmail.php on line 7
[03-Nov-2014 06:17:09 America/Los_Angeles] PHP Notice:  Undefined variable: usermessage in /nfs/c03/h04/mnt/51258/domains/leadership.thecompleteexperience.ca/html/sendEmail.php on line 28
[03-Nov-2014 06:40:56 America/Los_Angeles] PHP Notice:  Undefined variable: message in /nfs/c03/h04/mnt/51258/domains/leadership.thecompleteexperience.ca/html/sendEmail.php on line 7
[03-Nov-2014 06:40:56 America/Los_Angeles] PHP Notice:  Undefined variable: usermessage in /nfs/c03/h04/mnt/51258/domains/leadership.thecompleteexperience.ca/html/sendEmail.php on line 28
[03-Nov-2014 06:55:52 America/Los_Angeles] PHP Notice:  Undefined variable: message in /nfs/c03/h04/mnt/51258/domains/leadership.thecompleteexperience.ca/html/sendEmail.php on line 7
[03-Nov-2014 06:55:52 America/Los_Angeles] PHP Notice:  Undefined variable: usermessage in /nfs/c03/h04/mnt/51258/domains/leadership.thecompleteexperience.ca/html/sendEmail.php on line 28
[03-Nov-2014 08:09:10 America/Los_Angeles] PHP Notice:  Undefined variable: message in /nfs/c03/h04/mnt/51258/domains/leadership.thecompleteexperience.ca/html/sendEmail.php on line 7
[03-Nov-2014 08:09:11 America/Los_Angeles] PHP Notice:  Undefined variable: usermessage in /nfs/c03/h04/mnt/51258/domains/leadership.thecompleteexperience.ca/html/sendEmail.php on line 28
[03-Nov-2014 08:12:14 America/Los_Angeles] PHP Notice:  Undefined variable: message in /nfs/c03/h04/mnt/51258/domains/leadership.thecompleteexperience.ca/html/sendEmail.php on line 7
[03-Nov-2014 08:12:14 America/Los_Angeles] PHP Notice:  Undefined variable: usermessage in /nfs/c03/h04/mnt/51258/domains/leadership.thecompleteexperience.ca/html/sendEmail.php on line 28
[03-Nov-2014 08:49:08 America/Los_Angeles] PHP Notice:  Undefined variable: message in /nfs/c03/h04/mnt/51258/domains/leadership.thecompleteexperience.ca/html/sendEmail.php on line 7
[03-Nov-2014 08:49:08 America/Los_Angeles] PHP Notice:  Undefined variable: usermessage in /nfs/c03/h04/mnt/51258/domains/leadership.thecompleteexperience.ca/html/sendEmail.php on line 28
[03-Nov-2014 09:54:29 America/Los_Angeles] PHP Notice:  Undefined variable: message in /nfs/c03/h04/mnt/51258/domains/leadership.thecompleteexperience.ca/html/sendEmail.php on line 7
[03-Nov-2014 09:54:29 America/Los_Angeles] PHP Notice:  Undefined variable: usermessage in /nfs/c03/h04/mnt/51258/domains/leadership.thecompleteexperience.ca/html/sendEmail.php on line 28
[03-Nov-2014 14:11:25 America/Los_Angeles] PHP Notice:  Undefined variable: message in /nfs/c03/h04/mnt/51258/domains/leadership.thecompleteexperience.ca/html/sendEmail.php on line 7
[03-Nov-2014 14:11:25 America/Los_Angeles] PHP Notice:  Undefined variable: usermessage in /nfs/c03/h04/mnt/51258/domains/leadership.thecompleteexperience.ca/html/sendEmail.php on line 28
[03-Nov-2014 20:29:56 America/Los_Angeles] PHP Notice:  Undefined variable: message in /nfs/c03/h04/mnt/51258/domains/leadership.thecompleteexperience.ca/html/sendEmail.php on line 7
[03-Nov-2014 20:29:56 America/Los_Angeles] PHP Notice:  Undefined variable: usermessage in /nfs/c03/h04/mnt/51258/domains/leadership.thecompleteexperience.ca/html/sendEmail.php on line 28
[04-Nov-2014 08:24:31 America/Los_Angeles] PHP Notice:  Undefined variable: message in /nfs/c03/h04/mnt/51258/domains/leadership.thecompleteexperience.ca/html/sendEmail.php on line 7
[04-Nov-2014 08:24:31 America/Los_Angeles] PHP Notice:  Undefined variable: usermessage in /nfs/c03/h04/mnt/51258/domains/leadership.thecompleteexperience.ca/html/sendEmail.php on line 28
[04-Nov-2014 10:34:43 America/Los_Angeles] PHP Notice:  Undefined variable: message in /nfs/c03/h04/mnt/51258/domains/leadership.thecompleteexperience.ca/html/sendEmail.php on line 7
[04-Nov-2014 10:34:43 America/Los_Angeles] PHP Notice:  Undefined variable: usermessage in /nfs/c03/h04/mnt/51258/domains/leadership.thecompleteexperience.ca/html/sendEmail.php on line 28
[05-Nov-2014 16:29:53 America/Los_Angeles] PHP Notice:  Undefined variable: message in /nfs/c03/h04/mnt/51258/domains/leadership.thecompleteexperience.ca/html/sendEmail.php on line 7
[05-Nov-2014 16:29:53 America/Los_Angeles] PHP Notice:  Undefined variable: usermessage in /nfs/c03/h04/mnt/51258/domains/leadership.thecompleteexperience.ca/html/sendEmail.php on line 28
[05-Nov-2014 22:13:34 America/Los_Angeles] PHP Notice:  Undefined variable: message in /nfs/c03/h04/mnt/51258/domains/leadership.thecompleteexperience.ca/html/sendEmail.php on line 7
[05-Nov-2014 22:13:34 America/Los_Angeles] PHP Notice:  Undefined variable: usermessage in /nfs/c03/h04/mnt/51258/domains/leadership.thecompleteexperience.ca/html/sendEmail.php on line 28
[06-Nov-2014 16:24:28 America/Los_Angeles] PHP Notice:  Undefined variable: message in /nfs/c03/h04/mnt/51258/domains/leadership.thecompleteexperience.ca/html/sendEmail.php on line 7
[06-Nov-2014 16:24:28 America/Los_Angeles] PHP Notice:  Undefined variable: usermessage in /nfs/c03/h04/mnt/51258/domains/leadership.thecompleteexperience.ca/html/sendEmail.php on line 28
[07-Nov-2014 13:57:31 America/Los_Angeles] PHP Notice:  Undefined variable: message in /nfs/c03/h04/mnt/51258/domains/leadership.thecompleteexperience.ca/html/sendEmail.php on line 7
[07-Nov-2014 13:57:31 America/Los_Angeles] PHP Notice:  Undefined variable: usermessage in /nfs/c03/h04/mnt/51258/domains/leadership.thecompleteexperience.ca/html/sendEmail.php on line 28
